2026-07-07 15:28:02 INFO  [background-preinit] o.h.validator.internal.util.Version userId=N/A errorCode=N/A - HV000001: Hibernate Validator 8.0.3.Final
2026-07-07 15:28:02 INFO  [main] c.h.m.c.HealthcareApplicationTests userId=N/A errorCode=N/A - Starting HealthcareApplicationTests using Java 21.0.5 with PID 2496 (started by Manoj in D:\FINAL CAPSTONE PROJECT\Healthcare)
2026-07-07 15:28:02 DEBUG [main] c.h.m.c.HealthcareApplicationTests userId=N/A errorCode=N/A - Running with Spring Boot v3.5.15, Spring v6.2.19
2026-07-07 15:28:02 INFO  [main] c.h.m.c.HealthcareApplicationTests userId=N/A errorCode=N/A - No active profile set, falling back to 1 default profile: "default"
2026-07-07 15:28:04 INFO  [main] o.s.d.r.c.RepositoryConfigurationDelegate userId=N/A errorCode=N/A - Bootstrapping Spring Data JPA repositories in DEFAULT mode.
2026-07-07 15:28:04 INFO  [main] o.s.d.r.c.RepositoryConfigurationDelegate userId=N/A errorCode=N/A - Finished Spring Data repository scanning in 210 ms. Found 12 JPA repository interfaces.
2026-07-07 15:28:06 INFO  [main] o.h.jpa.internal.util.LogHelper userId=N/A errorCode=N/A - HHH000204: Processing PersistenceUnitInfo [name: default]
2026-07-07 15:28:06 INFO  [main] org.hibernate.Version userId=N/A errorCode=N/A - HHH000412: Hibernate ORM core version 6.6.53.Final
2026-07-07 15:28:06 INFO  [main] o.h.c.i.RegionFactoryInitiator userId=N/A errorCode=N/A - HHH000026: Second-level cache disabled
2026-07-07 15:28:07 INFO  [main] o.s.o.j.p.SpringPersistenceUnitInfo userId=N/A errorCode=N/A - No LoadTimeWeaver setup: ignoring JPA class transformer
2026-07-07 15:28:07 INFO  [main] com.zaxxer.hikari.HikariDataSource userId=N/A errorCode=N/A - HikariPool-1 - Starting...
2026-07-07 15:28:08 INFO  [main] com.zaxxer.hikari.pool.HikariPool userId=N/A errorCode=N/A - HikariPool-1 - Added connection com.mysql.cj.jdbc.ConnectionImpl@5d68be4f
2026-07-07 15:28:08 INFO  [main] com.zaxxer.hikari.HikariDataSource userId=N/A errorCode=N/A - HikariPool-1 - Start completed.
2026-07-07 15:28:08 INFO  [main] o.hibernate.orm.connections.pooling userId=N/A errorCode=N/A - HHH10001005: Database info:
	Database JDBC URL [Connecting through datasource 'HikariDataSource (HikariPool-1)']
	Database driver: undefined/unknown
	Database version: 8.0.44
	Autocommit mode: undefined/unknown
	Isolation level: undefined/unknown
	Minimum pool size: undefined/unknown
	Maximum pool size: undefined/unknown
2026-07-07 15:28:10 INFO  [main] o.h.e.t.j.p.i.JtaPlatformInitiator userId=N/A errorCode=N/A - HHH000489: No JTA platform available (set 'hibernate.transaction.jta.platform' to enable JTA platform integration)
2026-07-07 15:28:10 INFO  [main] o.s.o.j.LocalContainerEntityManagerFactoryBean userId=N/A errorCode=N/A - Initialized JPA EntityManagerFactory for persistence unit 'default'
2026-07-07 15:28:11 INFO  [main] o.s.s.c.a.a.c.InitializeUserDetailsBeanManagerConfigurer$InitializeUserDetailsManagerConfigurer userId=N/A errorCode=N/A - Global AuthenticationManager configured with UserDetailsService bean with name customUserDetailsService
2026-07-07 15:28:11 WARN  [main] o.s.b.a.o.j.JpaBaseConfiguration$JpaWebConfiguration userId=N/A errorCode=N/A - spring.jpa.open-in-view is enabled by default. Therefore, database queries may be performed during view rendering. Explicitly configure spring.jpa.open-in-view to disable this warning
2026-07-07 15:28:13 INFO  [main] c.h.m.c.HealthcareApplicationTests userId=N/A errorCode=N/A - Started HealthcareApplicationTests in 11.449 seconds (process running for 12.996)
2026-07-07 15:28:13 WARN  [main] o.s.c.events.SpringDocAppInitializer userId=N/A errorCode=N/A - SpringDoc /v3/api-docs endpoint is enabled by default. To disable it in production, set the property 'springdoc.api-docs.enabled=false'
2026-07-07 15:28:13 WARN  [main] o.s.c.events.SpringDocAppInitializer userId=N/A errorCode=N/A - SpringDoc /swagger-ui.html endpoint is enabled by default. To disable it in production, set the property 'springdoc.swagger-ui.enabled=false'
2026-07-07 15:28:13 INFO  [main] o.s.t.c.s.AnnotationConfigContextLoaderUtils userId=N/A errorCode=N/A - Could not detect default configuration classes for test class [com.hexaware.main.careassist.service.impl.AdminServiceImplTest]: AdminServiceImplTest does not declare any static, non-private, non-final, nested classes annotated with @Configuration.
2026-07-07 15:28:13 INFO  [main] o.s.b.t.c.SpringBootTestContextBootstrapper userId=N/A errorCode=N/A - Found @SpringBootConfiguration com.hexaware.main.careassist.HealthcareApplication for test class com.hexaware.main.careassist.service.impl.AdminServiceImplTest
2026-07-07 15:28:15 INFO  [main] o.s.t.c.s.AnnotationConfigContextLoaderUtils userId=N/A errorCode=N/A - Could not detect default configuration classes for test class [com.hexaware.main.careassist.service.impl.ClaimPaymentServiceImplTest]: ClaimPaymentServiceImplTest does not declare any static, non-private, non-final, nested classes annotated with @Configuration.
2026-07-07 15:28:15 INFO  [main] o.s.b.t.c.SpringBootTestContextBootstrapper userId=N/A errorCode=N/A - Found @SpringBootConfiguration com.hexaware.main.careassist.HealthcareApplication for test class com.hexaware.main.careassist.service.impl.ClaimPaymentServiceImplTest
2026-07-07 15:28:20 INFO  [main] c.h.m.c.service.impl.MailServiceImpl userId=N/A errorCode=N/A - Simple email sent to=patient33e7c390-156d-44c7-92b7-4e79f292e9b3@gmail.com subject=CareAssist claim approved replyTo=contact3b09c7bf-25ed-495d-85cf-901a3b200212@gmail.com
2026-07-07 15:28:20 INFO  [main] c.h.m.c.s.impl.ClaimServiceImpl userId=N/A errorCode=N/A - Claim status email sent claimId=8 status=approved patientEmail=patient33e7c390-156d-44c7-92b7-4e79f292e9b3@gmail.com replyTo=contact3b09c7bf-25ed-495d-85cf-901a3b200212@gmail.com
2026-07-07 15:28:24 INFO  [main] c.h.m.c.service.impl.MailServiceImpl userId=N/A errorCode=N/A - Simple email sent to=patient33e7c390-156d-44c7-92b7-4e79f292e9b3@gmail.com subject=CareAssist claim payment processed replyTo=contact3b09c7bf-25ed-495d-85cf-901a3b200212@gmail.com
2026-07-07 15:28:24 INFO  [main] c.h.m.c.s.i.ClaimPaymentServiceImpl userId=N/A errorCode=N/A - Claim payment email sent paymentId=5 claimId=8 patientEmail=patient33e7c390-156d-44c7-92b7-4e79f292e9b3@gmail.com replyTo=contact3b09c7bf-25ed-495d-85cf-901a3b200212@gmail.com
2026-07-07 15:28:29 INFO  [main] c.h.m.c.service.impl.MailServiceImpl userId=N/A errorCode=N/A - Simple email sent to=patient378439b0-2738-40d9-a442-ef646c431e57@gmail.com subject=CareAssist claim approved replyTo=contactbc9f8377-1b9c-45c1-90f0-2a39f74779de@gmail.com
2026-07-07 15:28:29 INFO  [main] c.h.m.c.s.impl.ClaimServiceImpl userId=N/A errorCode=N/A - Claim status email sent claimId=9 status=approved patientEmail=patient378439b0-2738-40d9-a442-ef646c431e57@gmail.com replyTo=contactbc9f8377-1b9c-45c1-90f0-2a39f74779de@gmail.com
2026-07-07 15:28:33 INFO  [main] c.h.m.c.service.impl.MailServiceImpl userId=N/A errorCode=N/A - Simple email sent to=patient378439b0-2738-40d9-a442-ef646c431e57@gmail.com subject=CareAssist claim payment processed replyTo=contactbc9f8377-1b9c-45c1-90f0-2a39f74779de@gmail.com
2026-07-07 15:28:33 INFO  [main] c.h.m.c.s.i.ClaimPaymentServiceImpl userId=N/A errorCode=N/A - Claim payment email sent paymentId=6 claimId=9 patientEmail=patient378439b0-2738-40d9-a442-ef646c431e57@gmail.com replyTo=contactbc9f8377-1b9c-45c1-90f0-2a39f74779de@gmail.com
2026-07-07 15:28:37 INFO  [main] c.h.m.c.service.impl.MailServiceImpl userId=N/A errorCode=N/A - Simple email sent to=patient43a0c458-acab-467b-8ddc-267839ffdd17@gmail.com subject=CareAssist claim approved replyTo=contactd94d7e6a-f4f9-4936-bc31-260e71b488b3@gmail.com
2026-07-07 15:28:37 INFO  [main] c.h.m.c.s.impl.ClaimServiceImpl userId=N/A errorCode=N/A - Claim status email sent claimId=10 status=approved patientEmail=patient43a0c458-acab-467b-8ddc-267839ffdd17@gmail.com replyTo=contactd94d7e6a-f4f9-4936-bc31-260e71b488b3@gmail.com
2026-07-07 15:28:42 INFO  [main] c.h.m.c.service.impl.MailServiceImpl userId=N/A errorCode=N/A - Simple email sent to=patient43a0c458-acab-467b-8ddc-267839ffdd17@gmail.com subject=CareAssist claim payment processed replyTo=contactd94d7e6a-f4f9-4936-bc31-260e71b488b3@gmail.com
2026-07-07 15:28:42 INFO  [main] c.h.m.c.s.i.ClaimPaymentServiceImpl userId=N/A errorCode=N/A - Claim payment email sent paymentId=7 claimId=10 patientEmail=patient43a0c458-acab-467b-8ddc-267839ffdd17@gmail.com replyTo=contactd94d7e6a-f4f9-4936-bc31-260e71b488b3@gmail.com
2026-07-07 15:28:42 INFO  [main] o.s.t.c.s.AnnotationConfigContextLoaderUtils userId=N/A errorCode=N/A - Could not detect default configuration classes for test class [com.hexaware.main.careassist.service.impl.ClaimServiceImplTest]: ClaimServiceImplTest does not declare any static, non-private, non-final, nested classes annotated with @Configuration.
2026-07-07 15:28:42 INFO  [main] o.s.b.t.c.SpringBootTestContextBootstrapper userId=N/A errorCode=N/A - Found @SpringBootConfiguration com.hexaware.main.careassist.HealthcareApplication for test class com.hexaware.main.careassist.service.impl.ClaimServiceImplTest
2026-07-07 15:28:47 INFO  [main] c.h.m.c.service.impl.MailServiceImpl userId=N/A errorCode=N/A - Simple email sent to=patient662c12d7-715f-43a2-8b3f-d1986dd989a4@gmail.com subject=CareAssist claim approved replyTo=contact0f7c5d8a-3bdc-4f38-b88b-bce82d1cd320@gmail.com
2026-07-07 15:28:47 INFO  [main] c.h.m.c.s.impl.ClaimServiceImpl userId=N/A errorCode=N/A - Claim status email sent claimId=12 status=approved patientEmail=patient662c12d7-715f-43a2-8b3f-d1986dd989a4@gmail.com replyTo=contact0f7c5d8a-3bdc-4f38-b88b-bce82d1cd320@gmail.com
2026-07-07 15:28:48 INFO  [main] c.h.m.c.s.i.EmailNotificationServiceImpl userId=N/A errorCode=N/A - Email notification sent notificationId=5 userId=1
2026-07-07 15:28:48 INFO  [main] o.s.t.c.s.AnnotationConfigContextLoaderUtils userId=N/A errorCode=N/A - Could not detect default configuration classes for test class [com.hexaware.main.careassist.service.impl.EmailNotificationServiceImplTest]: EmailNotificationServiceImplTest does not declare any static, non-private, non-final, nested classes annotated with @Configuration.
2026-07-07 15:28:48 INFO  [main] o.s.b.t.c.SpringBootTestContextBootstrapper userId=N/A errorCode=N/A - Found @SpringBootConfiguration com.hexaware.main.careassist.HealthcareApplication for test class com.hexaware.main.careassist.service.impl.EmailNotificationServiceImplTest
2026-07-07 15:28:53 INFO  [main] c.h.m.c.service.impl.MailServiceImpl userId=N/A errorCode=N/A - Simple email sent to=patientb0b380e6-5ae4-4bb3-9fb7-03cc49a5b049@gmail.com subject=Claim Update replyTo=null
2026-07-07 15:28:53 INFO  [main] c.h.m.c.s.i.EmailNotificationServiceImpl userId=N/A errorCode=N/A - Email notification sent notificationId=11 userId=81
2026-07-07 15:28:57 INFO  [main] c.h.m.c.service.impl.MailServiceImpl userId=N/A errorCode=N/A - Simple email sent to=patienta47da10f-5e01-47d0-8352-727b5bcad2fc@gmail.com subject=Claim Update replyTo=null
2026-07-07 15:28:57 INFO  [main] c.h.m.c.s.i.EmailNotificationServiceImpl userId=N/A errorCode=N/A - Email notification sent notificationId=12 userId=82
2026-07-07 15:28:57 INFO  [main] o.s.t.c.s.AnnotationConfigContextLoaderUtils userId=N/A errorCode=N/A - Could not detect default configuration classes for test class [com.hexaware.main.careassist.service.impl.HealthcareProviderServiceImplTest]: HealthcareProviderServiceImplTest does not declare any static, non-private, non-final, nested classes annotated with @Configuration.
2026-07-07 15:28:57 INFO  [main] o.s.b.t.c.SpringBootTestContextBootstrapper userId=N/A errorCode=N/A - Found @SpringBootConfiguration com.hexaware.main.careassist.HealthcareApplication for test class com.hexaware.main.careassist.service.impl.HealthcareProviderServiceImplTest
2026-07-07 15:28:58 INFO  [main] o.s.t.c.s.AnnotationConfigContextLoaderUtils userId=N/A errorCode=N/A - Could not detect default configuration classes for test class [com.hexaware.main.careassist.service.impl.InsuranceCompanyServiceImplTest]: InsuranceCompanyServiceImplTest does not declare any static, non-private, non-final, nested classes annotated with @Configuration.
2026-07-07 15:28:58 INFO  [main] o.s.b.t.c.SpringBootTestContextBootstrapper userId=N/A errorCode=N/A - Found @SpringBootConfiguration com.hexaware.main.careassist.HealthcareApplication for test class com.hexaware.main.careassist.service.impl.InsuranceCompanyServiceImplTest
2026-07-07 15:28:58 INFO  [main] o.s.t.c.s.AnnotationConfigContextLoaderUtils userId=N/A errorCode=N/A - Could not detect default configuration classes for test class [com.hexaware.main.careassist.service.impl.InsurancePlanServiceImplTest]: InsurancePlanServiceImplTest does not declare any static, non-private, non-final, nested classes annotated with @Configuration.
2026-07-07 15:28:58 INFO  [main] o.s.b.t.c.SpringBootTestContextBootstrapper userId=N/A errorCode=N/A - Found @SpringBootConfiguration com.hexaware.main.careassist.HealthcareApplication for test class com.hexaware.main.careassist.service.impl.InsurancePlanServiceImplTest
2026-07-07 15:28:59 INFO  [main] o.s.t.c.s.AnnotationConfigContextLoaderUtils userId=N/A errorCode=N/A - Could not detect default configuration classes for test class [com.hexaware.main.careassist.service.impl.InvoiceServiceImplTest]: InvoiceServiceImplTest does not declare any static, non-private, non-final, nested classes annotated with @Configuration.
2026-07-07 15:28:59 INFO  [main] o.s.b.t.c.SpringBootTestContextBootstrapper userId=N/A errorCode=N/A - Found @SpringBootConfiguration com.hexaware.main.careassist.HealthcareApplication for test class com.hexaware.main.careassist.service.impl.InvoiceServiceImplTest
2026-07-07 15:29:00 INFO  [main] o.s.t.c.s.AnnotationConfigContextLoaderUtils userId=N/A errorCode=N/A - Could not detect default configuration classes for test class [com.hexaware.main.careassist.service.impl.PatientInsuranceServiceImplTest]: PatientInsuranceServiceImplTest does not declare any static, non-private, non-final, nested classes annotated with @Configuration.
2026-07-07 15:29:00 INFO  [main] o.s.b.t.c.SpringBootTestContextBootstrapper userId=N/A errorCode=N/A - Found @SpringBootConfiguration com.hexaware.main.careassist.HealthcareApplication for test class com.hexaware.main.careassist.service.impl.PatientInsuranceServiceImplTest
2026-07-07 15:29:01 INFO  [main] o.s.t.c.s.AnnotationConfigContextLoaderUtils userId=N/A errorCode=N/A - Could not detect default configuration classes for test class [com.hexaware.main.careassist.service.impl.PatientServiceImplTest]: PatientServiceImplTest does not declare any static, non-private, non-final, nested classes annotated with @Configuration.
2026-07-07 15:29:01 INFO  [main] o.s.b.t.c.SpringBootTestContextBootstrapper userId=N/A errorCode=N/A - Found @SpringBootConfiguration com.hexaware.main.careassist.HealthcareApplication for test class com.hexaware.main.careassist.service.impl.PatientServiceImplTest
2026-07-07 15:29:01 INFO  [main] o.s.t.c.s.AnnotationConfigContextLoaderUtils userId=N/A errorCode=N/A - Could not detect default configuration classes for test class [com.hexaware.main.careassist.service.impl.TokenBlacklistServiceImplTest]: TokenBlacklistServiceImplTest does not declare any static, non-private, non-final, nested classes annotated with @Configuration.
2026-07-07 15:29:01 INFO  [main] o.s.b.t.c.SpringBootTestContextBootstrapper userId=N/A errorCode=N/A - Found @SpringBootConfiguration com.hexaware.main.careassist.HealthcareApplication for test class com.hexaware.main.careassist.service.impl.TokenBlacklistServiceImplTest
2026-07-07 15:29:01 INFO  [main] o.s.t.c.s.AnnotationConfigContextLoaderUtils userId=N/A errorCode=N/A - Could not detect default configuration classes for test class [com.hexaware.main.careassist.service.impl.UserServiceImplTest]: UserServiceImplTest does not declare any static, non-private, non-final, nested classes annotated with @Configuration.
2026-07-07 15:29:01 INFO  [main] o.s.b.t.c.SpringBootTestContextBootstrapper userId=N/A errorCode=N/A - Found @SpringBootConfiguration com.hexaware.main.careassist.HealthcareApplication for test class com.hexaware.main.careassist.service.impl.UserServiceImplTest
2026-07-07 15:29:02 INFO  [SpringApplicationShutdownHook] o.s.o.j.LocalContainerEntityManagerFactoryBean userId=N/A errorCode=N/A - Closing JPA EntityManagerFactory for persistence unit 'default'
2026-07-07 15:29:02 INFO  [SpringApplicationShutdownHook] com.zaxxer.hikari.HikariDataSource userId=N/A errorCode=N/A - HikariPool-1 - Shutdown initiated...
2026-07-07 15:29:02 INFO  [SpringApplicationShutdownHook] com.zaxxer.hikari.HikariDataSource userId=N/A errorCode=N/A - HikariPool-1 - Shutdown completed.
2026-07-07 16:41:55 INFO  [background-preinit] o.h.validator.internal.util.Version userId=N/A errorCode=N/A - HV000001: Hibernate Validator 8.0.3.Final
2026-07-07 16:41:55 INFO  [main] c.h.m.c.HealthcareApplicationTests userId=N/A errorCode=N/A - Starting HealthcareApplicationTests using Java 21.0.5 with PID 20892 (started by Manoj in D:\FINAL CAPSTONE PROJECT\Healthcare)
2026-07-07 16:41:55 DEBUG [main] c.h.m.c.HealthcareApplicationTests userId=N/A errorCode=N/A - Running with Spring Boot v3.5.15, Spring v6.2.19
2026-07-07 16:41:55 INFO  [main] c.h.m.c.HealthcareApplicationTests userId=N/A errorCode=N/A - No active profile set, falling back to 1 default profile: "default"
2026-07-07 16:41:56 INFO  [main] o.s.d.r.c.RepositoryConfigurationDelegate userId=N/A errorCode=N/A - Bootstrapping Spring Data JPA repositories in DEFAULT mode.
2026-07-07 16:41:57 INFO  [main] o.s.d.r.c.RepositoryConfigurationDelegate userId=N/A errorCode=N/A - Finished Spring Data repository scanning in 151 ms. Found 12 JPA repository interfaces.
2026-07-07 16:41:59 INFO  [main] o.h.jpa.internal.util.LogHelper userId=N/A errorCode=N/A - HHH000204: Processing PersistenceUnitInfo [name: default]
2026-07-07 16:41:59 INFO  [main] org.hibernate.Version userId=N/A errorCode=N/A - HHH000412: Hibernate ORM core version 6.6.53.Final
2026-07-07 16:41:59 INFO  [main] o.h.c.i.RegionFactoryInitiator userId=N/A errorCode=N/A - HHH000026: Second-level cache disabled
2026-07-07 16:41:59 INFO  [main] o.s.o.j.p.SpringPersistenceUnitInfo userId=N/A errorCode=N/A - No LoadTimeWeaver setup: ignoring JPA class transformer
2026-07-07 16:41:59 INFO  [main] com.zaxxer.hikari.HikariDataSource userId=N/A errorCode=N/A - HikariPool-1 - Starting...
2026-07-07 16:42:00 INFO  [main] com.zaxxer.hikari.pool.HikariPool userId=N/A errorCode=N/A - HikariPool-1 - Added connection com.mysql.cj.jdbc.ConnectionImpl@33fec21
2026-07-07 16:42:00 INFO  [main] com.zaxxer.hikari.HikariDataSource userId=N/A errorCode=N/A - HikariPool-1 - Start completed.
2026-07-07 16:42:00 INFO  [main] o.hibernate.orm.connections.pooling userId=N/A errorCode=N/A - HHH10001005: Database info:
	Database JDBC URL [Connecting through datasource 'HikariDataSource (HikariPool-1)']
	Database driver: undefined/unknown
	Database version: 8.0.44
	Autocommit mode: undefined/unknown
	Isolation level: undefined/unknown
	Minimum pool size: undefined/unknown
	Maximum pool size: undefined/unknown
2026-07-07 16:42:01 INFO  [main] o.h.e.t.j.p.i.JtaPlatformInitiator userId=N/A errorCode=N/A - HHH000489: No JTA platform available (set 'hibernate.transaction.jta.platform' to enable JTA platform integration)
2026-07-07 16:42:01 INFO  [main] o.s.o.j.LocalContainerEntityManagerFactoryBean userId=N/A errorCode=N/A - Initialized JPA EntityManagerFactory for persistence unit 'default'
2026-07-07 16:42:02 INFO  [main] o.s.s.c.a.a.c.InitializeUserDetailsBeanManagerConfigurer$InitializeUserDetailsManagerConfigurer userId=N/A errorCode=N/A - Global AuthenticationManager configured with UserDetailsService bean with name customUserDetailsService
2026-07-07 16:42:03 WARN  [main] o.s.b.a.o.j.JpaBaseConfiguration$JpaWebConfiguration userId=N/A errorCode=N/A - spring.jpa.open-in-view is enabled by default. Therefore, database queries may be performed during view rendering. Explicitly configure spring.jpa.open-in-view to disable this warning
2026-07-07 16:42:05 INFO  [main] c.h.m.c.HealthcareApplicationTests userId=N/A errorCode=N/A - Started HealthcareApplicationTests in 10.405 seconds (process running for 11.834)
2026-07-07 16:42:05 WARN  [main] o.s.c.events.SpringDocAppInitializer userId=N/A errorCode=N/A - SpringDoc /v3/api-docs endpoint is enabled by default. To disable it in production, set the property 'springdoc.api-docs.enabled=false'
2026-07-07 16:42:05 WARN  [main] o.s.c.events.SpringDocAppInitializer userId=N/A errorCode=N/A - SpringDoc /swagger-ui.html endpoint is enabled by default. To disable it in production, set the property 'springdoc.swagger-ui.enabled=false'
2026-07-07 16:42:05 INFO  [main] o.s.t.c.s.AnnotationConfigContextLoaderUtils userId=N/A errorCode=N/A - Could not detect default configuration classes for test class [com.hexaware.main.careassist.service.impl.AdminServiceImplTest]: AdminServiceImplTest does not declare any static, non-private, non-final, nested classes annotated with @Configuration.
2026-07-07 16:42:05 INFO  [main] o.s.b.t.c.SpringBootTestContextBootstrapper userId=N/A errorCode=N/A - Found @SpringBootConfiguration com.hexaware.main.careassist.HealthcareApplication for test class com.hexaware.main.careassist.service.impl.AdminServiceImplTest
2026-07-07 16:42:07 INFO  [main] o.s.t.c.s.AnnotationConfigContextLoaderUtils userId=N/A errorCode=N/A - Could not detect default configuration classes for test class [com.hexaware.main.careassist.service.impl.ClaimPaymentServiceImplTest]: ClaimPaymentServiceImplTest does not declare any static, non-private, non-final, nested classes annotated with @Configuration.
2026-07-07 16:42:07 INFO  [main] o.s.b.t.c.SpringBootTestContextBootstrapper userId=N/A errorCode=N/A - Found @SpringBootConfiguration com.hexaware.main.careassist.HealthcareApplication for test class com.hexaware.main.careassist.service.impl.ClaimPaymentServiceImplTest
2026-07-07 16:42:13 INFO  [main] c.h.m.c.service.impl.MailServiceImpl userId=N/A errorCode=N/A - Simple email sent to=patient42a92d2e-20a0-4413-b649-be58ddc4e489@gmail.com subject=CareAssist claim approved replyTo=contact673f4a98-2f35-430a-8cdc-8a276a148b4a@gmail.com
2026-07-07 16:42:13 INFO  [main] c.h.m.c.s.impl.ClaimServiceImpl userId=N/A errorCode=N/A - Claim status email sent claimId=14 status=approved patientEmail=patient42a92d2e-20a0-4413-b649-be58ddc4e489@gmail.com replyTo=contact673f4a98-2f35-430a-8cdc-8a276a148b4a@gmail.com
2026-07-07 16:42:18 INFO  [main] c.h.m.c.service.impl.MailServiceImpl userId=N/A errorCode=N/A - Simple email sent to=patient42a92d2e-20a0-4413-b649-be58ddc4e489@gmail.com subject=CareAssist claim payment processed replyTo=contact673f4a98-2f35-430a-8cdc-8a276a148b4a@gmail.com
2026-07-07 16:42:18 INFO  [main] c.h.m.c.s.i.ClaimPaymentServiceImpl userId=N/A errorCode=N/A - Claim payment email sent paymentId=8 claimId=14 patientEmail=patient42a92d2e-20a0-4413-b649-be58ddc4e489@gmail.com replyTo=contact673f4a98-2f35-430a-8cdc-8a276a148b4a@gmail.com
2026-07-07 16:42:24 INFO  [main] c.h.m.c.service.impl.MailServiceImpl userId=N/A errorCode=N/A - Simple email sent to=patient78c598ad-b27c-4b71-9637-56a7169a7583@gmail.com subject=CareAssist claim approved replyTo=contactdd8e9557-a81d-43ac-aa0d-0620b3bd81e5@gmail.com
2026-07-07 16:42:24 INFO  [main] c.h.m.c.s.impl.ClaimServiceImpl userId=N/A errorCode=N/A - Claim status email sent claimId=15 status=approved patientEmail=patient78c598ad-b27c-4b71-9637-56a7169a7583@gmail.com replyTo=contactdd8e9557-a81d-43ac-aa0d-0620b3bd81e5@gmail.com
2026-07-07 16:42:30 INFO  [main] c.h.m.c.service.impl.MailServiceImpl userId=N/A errorCode=N/A - Simple email sent to=patient78c598ad-b27c-4b71-9637-56a7169a7583@gmail.com subject=CareAssist claim payment processed replyTo=contactdd8e9557-a81d-43ac-aa0d-0620b3bd81e5@gmail.com
2026-07-07 16:42:30 INFO  [main] c.h.m.c.s.i.ClaimPaymentServiceImpl userId=N/A errorCode=N/A - Claim payment email sent paymentId=9 claimId=15 patientEmail=patient78c598ad-b27c-4b71-9637-56a7169a7583@gmail.com replyTo=contactdd8e9557-a81d-43ac-aa0d-0620b3bd81e5@gmail.com
2026-07-07 16:42:36 INFO  [main] c.h.m.c.service.impl.MailServiceImpl userId=N/A errorCode=N/A - Simple email sent to=patient2ef13e18-b16f-4491-9c06-4c1993fcbced@gmail.com subject=CareAssist claim approved replyTo=contact50968aaf-e4b5-4f8b-ad6f-fb9c1564b002@gmail.com
2026-07-07 16:42:36 INFO  [main] c.h.m.c.s.impl.ClaimServiceImpl userId=N/A errorCode=N/A - Claim status email sent claimId=16 status=approved patientEmail=patient2ef13e18-b16f-4491-9c06-4c1993fcbced@gmail.com replyTo=contact50968aaf-e4b5-4f8b-ad6f-fb9c1564b002@gmail.com
2026-07-07 16:42:41 INFO  [main] c.h.m.c.service.impl.MailServiceImpl userId=N/A errorCode=N/A - Simple email sent to=patient2ef13e18-b16f-4491-9c06-4c1993fcbced@gmail.com subject=CareAssist claim payment processed replyTo=contact50968aaf-e4b5-4f8b-ad6f-fb9c1564b002@gmail.com
2026-07-07 16:42:41 INFO  [main] c.h.m.c.s.i.ClaimPaymentServiceImpl userId=N/A errorCode=N/A - Claim payment email sent paymentId=10 claimId=16 patientEmail=patient2ef13e18-b16f-4491-9c06-4c1993fcbced@gmail.com replyTo=contact50968aaf-e4b5-4f8b-ad6f-fb9c1564b002@gmail.com
2026-07-07 16:42:41 INFO  [main] o.s.t.c.s.AnnotationConfigContextLoaderUtils userId=N/A errorCode=N/A - Could not detect default configuration classes for test class [com.hexaware.main.careassist.service.impl.ClaimServiceImplTest]: ClaimServiceImplTest does not declare any static, non-private, non-final, nested classes annotated with @Configuration.
2026-07-07 16:42:41 INFO  [main] o.s.b.t.c.SpringBootTestContextBootstrapper userId=N/A errorCode=N/A - Found @SpringBootConfiguration com.hexaware.main.careassist.HealthcareApplication for test class com.hexaware.main.careassist.service.impl.ClaimServiceImplTest
2026-07-07 16:42:47 INFO  [main] c.h.m.c.service.impl.MailServiceImpl userId=N/A errorCode=N/A - Simple email sent to=patient3fd84463-5e7b-4f2c-8a64-4ad084e40011@gmail.com subject=CareAssist claim approved replyTo=contact93d6b40a-b7a8-4ee7-9df2-d934841d4211@gmail.com
2026-07-07 16:42:47 INFO  [main] c.h.m.c.s.impl.ClaimServiceImpl userId=N/A errorCode=N/A - Claim status email sent claimId=18 status=approved patientEmail=patient3fd84463-5e7b-4f2c-8a64-4ad084e40011@gmail.com replyTo=contact93d6b40a-b7a8-4ee7-9df2-d934841d4211@gmail.com
2026-07-07 16:42:48 INFO  [main] c.h.m.c.s.i.EmailNotificationServiceImpl userId=N/A errorCode=N/A - Email notification sent notificationId=5 userId=1
2026-07-07 16:42:48 INFO  [main] o.s.t.c.s.AnnotationConfigContextLoaderUtils userId=N/A errorCode=N/A - Could not detect default configuration classes for test class [com.hexaware.main.careassist.service.impl.EmailNotificationServiceImplTest]: EmailNotificationServiceImplTest does not declare any static, non-private, non-final, nested classes annotated with @Configuration.
2026-07-07 16:42:48 INFO  [main] o.s.b.t.c.SpringBootTestContextBootstrapper userId=N/A errorCode=N/A - Found @SpringBootConfiguration com.hexaware.main.careassist.HealthcareApplication for test class com.hexaware.main.careassist.service.impl.EmailNotificationServiceImplTest
2026-07-07 16:42:54 INFO  [main] c.h.m.c.service.impl.MailServiceImpl userId=N/A errorCode=N/A - Simple email sent to=patient2b525233-9741-4e85-ae21-aed0b05ed3c6@gmail.com subject=Claim Update replyTo=null
2026-07-07 16:42:54 INFO  [main] c.h.m.c.s.i.EmailNotificationServiceImpl userId=N/A errorCode=N/A - Email notification sent notificationId=13 userId=132
2026-07-07 16:42:59 INFO  [main] c.h.m.c.service.impl.MailServiceImpl userId=N/A errorCode=N/A - Simple email sent to=patient7d9e6dac-f434-43ad-ae91-022f8b1d50d3@gmail.com subject=Claim Update replyTo=null
2026-07-07 16:42:59 INFO  [main] c.h.m.c.s.i.EmailNotificationServiceImpl userId=N/A errorCode=N/A - Email notification sent notificationId=14 userId=133
2026-07-07 16:42:59 INFO  [main] o.s.t.c.s.AnnotationConfigContextLoaderUtils userId=N/A errorCode=N/A - Could not detect default configuration classes for test class [com.hexaware.main.careassist.service.impl.HealthcareProviderServiceImplTest]: HealthcareProviderServiceImplTest does not declare any static, non-private, non-final, nested classes annotated with @Configuration.
2026-07-07 16:42:59 INFO  [main] o.s.b.t.c.SpringBootTestContextBootstrapper userId=N/A errorCode=N/A - Found @SpringBootConfiguration com.hexaware.main.careassist.HealthcareApplication for test class com.hexaware.main.careassist.service.impl.HealthcareProviderServiceImplTest
2026-07-07 16:43:00 INFO  [main] o.s.t.c.s.AnnotationConfigContextLoaderUtils userId=N/A errorCode=N/A - Could not detect default configuration classes for test class [com.hexaware.main.careassist.service.impl.InsuranceCompanyServiceImplTest]: InsuranceCompanyServiceImplTest does not declare any static, non-private, non-final, nested classes annotated with @Configuration.
2026-07-07 16:43:00 INFO  [main] o.s.b.t.c.SpringBootTestContextBootstrapper userId=N/A errorCode=N/A - Found @SpringBootConfiguration com.hexaware.main.careassist.HealthcareApplication for test class com.hexaware.main.careassist.service.impl.InsuranceCompanyServiceImplTest
2026-07-07 16:43:00 INFO  [main] o.s.t.c.s.AnnotationConfigContextLoaderUtils userId=N/A errorCode=N/A - Could not detect default configuration classes for test class [com.hexaware.main.careassist.service.impl.InsurancePlanServiceImplTest]: InsurancePlanServiceImplTest does not declare any static, non-private, non-final, nested classes annotated with @Configuration.
2026-07-07 16:43:00 INFO  [main] o.s.b.t.c.SpringBootTestContextBootstrapper userId=N/A errorCode=N/A - Found @SpringBootConfiguration com.hexaware.main.careassist.HealthcareApplication for test class com.hexaware.main.careassist.service.impl.InsurancePlanServiceImplTest
2026-07-07 16:43:01 INFO  [main] o.s.t.c.s.AnnotationConfigContextLoaderUtils userId=N/A errorCode=N/A - Could not detect default configuration classes for test class [com.hexaware.main.careassist.service.impl.InvoiceServiceImplTest]: InvoiceServiceImplTest does not declare any static, non-private, non-final, nested classes annotated with @Configuration.
2026-07-07 16:43:01 INFO  [main] o.s.b.t.c.SpringBootTestContextBootstrapper userId=N/A errorCode=N/A - Found @SpringBootConfiguration com.hexaware.main.careassist.HealthcareApplication for test class com.hexaware.main.careassist.service.impl.InvoiceServiceImplTest
2026-07-07 16:43:02 INFO  [main] o.s.t.c.s.AnnotationConfigContextLoaderUtils userId=N/A errorCode=N/A - Could not detect default configuration classes for test class [com.hexaware.main.careassist.service.impl.PatientInsuranceServiceImplTest]: PatientInsuranceServiceImplTest does not declare any static, non-private, non-final, nested classes annotated with @Configuration.
2026-07-07 16:43:02 INFO  [main] o.s.b.t.c.SpringBootTestContextBootstrapper userId=N/A errorCode=N/A - Found @SpringBootConfiguration com.hexaware.main.careassist.HealthcareApplication for test class com.hexaware.main.careassist.service.impl.PatientInsuranceServiceImplTest
2026-07-07 16:43:03 INFO  [main] o.s.t.c.s.AnnotationConfigContextLoaderUtils userId=N/A errorCode=N/A - Could not detect default configuration classes for test class [com.hexaware.main.careassist.service.impl.PatientServiceImplTest]: PatientServiceImplTest does not declare any static, non-private, non-final, nested classes annotated with @Configuration.
2026-07-07 16:43:03 INFO  [main] o.s.b.t.c.SpringBootTestContextBootstrapper userId=N/A errorCode=N/A - Found @SpringBootConfiguration com.hexaware.main.careassist.HealthcareApplication for test class com.hexaware.main.careassist.service.impl.PatientServiceImplTest
2026-07-07 16:43:03 INFO  [main] o.s.t.c.s.AnnotationConfigContextLoaderUtils userId=N/A errorCode=N/A - Could not detect default configuration classes for test class [com.hexaware.main.careassist.service.impl.TokenBlacklistServiceImplTest]: TokenBlacklistServiceImplTest does not declare any static, non-private, non-final, nested classes annotated with @Configuration.
2026-07-07 16:43:03 INFO  [main] o.s.b.t.c.SpringBootTestContextBootstrapper userId=N/A errorCode=N/A - Found @SpringBootConfiguration com.hexaware.main.careassist.HealthcareApplication for test class com.hexaware.main.careassist.service.impl.TokenBlacklistServiceImplTest
2026-07-07 16:43:04 INFO  [main] o.s.t.c.s.AnnotationConfigContextLoaderUtils userId=N/A errorCode=N/A - Could not detect default configuration classes for test class [com.hexaware.main.careassist.service.impl.UserServiceImplTest]: UserServiceImplTest does not declare any static, non-private, non-final, nested classes annotated with @Configuration.
2026-07-07 16:43:04 INFO  [main] o.s.b.t.c.SpringBootTestContextBootstrapper userId=N/A errorCode=N/A - Found @SpringBootConfiguration com.hexaware.main.careassist.HealthcareApplication for test class com.hexaware.main.careassist.service.impl.UserServiceImplTest
2026-07-07 16:43:04 INFO  [SpringApplicationShutdownHook] o.s.o.j.LocalContainerEntityManagerFactoryBean userId=N/A errorCode=N/A - Closing JPA EntityManagerFactory for persistence unit 'default'
2026-07-07 16:43:04 INFO  [SpringApplicationShutdownHook] com.zaxxer.hikari.HikariDataSource userId=N/A errorCode=N/A - HikariPool-1 - Shutdown initiated...
2026-07-07 16:43:04 INFO  [SpringApplicationShutdownHook] com.zaxxer.hikari.HikariDataSource userId=N/A errorCode=N/A - HikariPool-1 - Shutdown completed.
2026-07-07 16:56:12 INFO  [background-preinit] o.h.validator.internal.util.Version userId=N/A errorCode=N/A - HV000001: Hibernate Validator 8.0.3.Final
2026-07-07 16:56:12 INFO  [main] c.h.m.c.HealthcareApplicationTests userId=N/A errorCode=N/A - Starting HealthcareApplicationTests using Java 21.0.5 with PID 23124 (started by Manoj in D:\FINAL CAPSTONE PROJECT\Healthcare)
2026-07-07 16:56:12 DEBUG [main] c.h.m.c.HealthcareApplicationTests userId=N/A errorCode=N/A - Running with Spring Boot v3.5.15, Spring v6.2.19
2026-07-07 16:56:12 INFO  [main] c.h.m.c.HealthcareApplicationTests userId=N/A errorCode=N/A - No active profile set, falling back to 1 default profile: "default"
2026-07-07 16:56:14 INFO  [main] o.s.d.r.c.RepositoryConfigurationDelegate userId=N/A errorCode=N/A - Bootstrapping Spring Data JPA repositories in DEFAULT mode.
2026-07-07 16:56:14 INFO  [main] o.s.d.r.c.RepositoryConfigurationDelegate userId=N/A errorCode=N/A - Finished Spring Data repository scanning in 197 ms. Found 12 JPA repository interfaces.
2026-07-07 16:56:16 INFO  [main] o.h.jpa.internal.util.LogHelper userId=N/A errorCode=N/A - HHH000204: Processing PersistenceUnitInfo [name: default]
2026-07-07 16:56:16 INFO  [main] org.hibernate.Version userId=N/A errorCode=N/A - HHH000412: Hibernate ORM core version 6.6.53.Final
2026-07-07 16:56:16 INFO  [main] o.h.c.i.RegionFactoryInitiator userId=N/A errorCode=N/A - HHH000026: Second-level cache disabled
2026-07-07 16:56:17 INFO  [main] o.s.o.j.p.SpringPersistenceUnitInfo userId=N/A errorCode=N/A - No LoadTimeWeaver setup: ignoring JPA class transformer
2026-07-07 16:56:17 INFO  [main] com.zaxxer.hikari.HikariDataSource userId=N/A errorCode=N/A - HikariPool-1 - Starting...
2026-07-07 16:56:17 INFO  [main] com.zaxxer.hikari.pool.HikariPool userId=N/A errorCode=N/A - HikariPool-1 - Added connection com.mysql.cj.jdbc.ConnectionImpl@74231642
2026-07-07 16:56:17 INFO  [main] com.zaxxer.hikari.HikariDataSource userId=N/A errorCode=N/A - HikariPool-1 - Start completed.
2026-07-07 16:56:17 INFO  [main] o.hibernate.orm.connections.pooling userId=N/A errorCode=N/A - HHH10001005: Database info:
	Database JDBC URL [Connecting through datasource 'HikariDataSource (HikariPool-1)']
	Database driver: undefined/unknown
	Database version: 8.0.44
	Autocommit mode: undefined/unknown
	Isolation level: undefined/unknown
	Minimum pool size: undefined/unknown
	Maximum pool size: undefined/unknown
2026-07-07 16:56:19 INFO  [main] o.h.e.t.j.p.i.JtaPlatformInitiator userId=N/A errorCode=N/A - HHH000489: No JTA platform available (set 'hibernate.transaction.jta.platform' to enable JTA platform integration)
2026-07-07 16:56:19 INFO  [main] o.s.o.j.LocalContainerEntityManagerFactoryBean userId=N/A errorCode=N/A - Initialized JPA EntityManagerFactory for persistence unit 'default'
2026-07-07 16:56:20 INFO  [main] o.s.s.c.a.a.c.InitializeUserDetailsBeanManagerConfigurer$InitializeUserDetailsManagerConfigurer userId=N/A errorCode=N/A - Global AuthenticationManager configured with UserDetailsService bean with name customUserDetailsService
2026-07-07 16:56:20 WARN  [main] o.s.b.a.o.j.JpaBaseConfiguration$JpaWebConfiguration userId=N/A errorCode=N/A - spring.jpa.open-in-view is enabled by default. Therefore, database queries may be performed during view rendering. Explicitly configure spring.jpa.open-in-view to disable this warning
2026-07-07 16:56:22 INFO  [main] c.h.m.c.HealthcareApplicationTests userId=N/A errorCode=N/A - Started HealthcareApplicationTests in 10.103 seconds (process running for 11.52)
2026-07-07 16:56:22 WARN  [main] o.s.c.events.SpringDocAppInitializer userId=N/A errorCode=N/A - SpringDoc /v3/api-docs endpoint is enabled by default. To disable it in production, set the property 'springdoc.api-docs.enabled=false'
2026-07-07 16:56:22 WARN  [main] o.s.c.events.SpringDocAppInitializer userId=N/A errorCode=N/A - SpringDoc /swagger-ui.html endpoint is enabled by default. To disable it in production, set the property 'springdoc.swagger-ui.enabled=false'
2026-07-07 16:56:22 INFO  [main] o.s.t.c.s.AnnotationConfigContextLoaderUtils userId=N/A errorCode=N/A - Could not detect default configuration classes for test class [com.hexaware.main.careassist.service.impl.AdminServiceImplTest]: AdminServiceImplTest does not declare any static, non-private, non-final, nested classes annotated with @Configuration.
2026-07-07 16:56:22 INFO  [main] o.s.b.t.c.SpringBootTestContextBootstrapper userId=N/A errorCode=N/A - Found @SpringBootConfiguration com.hexaware.main.careassist.HealthcareApplication for test class com.hexaware.main.careassist.service.impl.AdminServiceImplTest
2026-07-07 16:56:23 INFO  [main] o.s.t.c.s.AnnotationConfigContextLoaderUtils userId=N/A errorCode=N/A - Could not detect default configuration classes for test class [com.hexaware.main.careassist.service.impl.ClaimPaymentServiceImplTest]: ClaimPaymentServiceImplTest does not declare any static, non-private, non-final, nested classes annotated with @Configuration.
2026-07-07 16:56:23 INFO  [main] o.s.b.t.c.SpringBootTestContextBootstrapper userId=N/A errorCode=N/A - Found @SpringBootConfiguration com.hexaware.main.careassist.HealthcareApplication for test class com.hexaware.main.careassist.service.impl.ClaimPaymentServiceImplTest
2026-07-07 16:56:30 INFO  [main] c.h.m.c.service.impl.MailServiceImpl userId=N/A errorCode=N/A - Simple email sent to=patient854608f0-c5df-491c-aa87-7378b3439d87@gmail.com subject=CareAssist claim approved replyTo=contact8b50d422-9c5c-4f4b-ab18-25233bafa8e3@gmail.com
2026-07-07 16:56:30 INFO  [main] c.h.m.c.s.impl.ClaimServiceImpl userId=N/A errorCode=N/A - Claim status email sent claimId=20 status=approved patientEmail=patient854608f0-c5df-491c-aa87-7378b3439d87@gmail.com replyTo=contact8b50d422-9c5c-4f4b-ab18-25233bafa8e3@gmail.com
2026-07-07 16:56:36 INFO  [main] c.h.m.c.service.impl.MailServiceImpl userId=N/A errorCode=N/A - Simple email sent to=patient854608f0-c5df-491c-aa87-7378b3439d87@gmail.com subject=CareAssist claim payment processed replyTo=contact8b50d422-9c5c-4f4b-ab18-25233bafa8e3@gmail.com
2026-07-07 16:56:36 INFO  [main] c.h.m.c.s.i.ClaimPaymentServiceImpl userId=N/A errorCode=N/A - Claim payment email sent paymentId=11 claimId=20 patientEmail=patient854608f0-c5df-491c-aa87-7378b3439d87@gmail.com replyTo=contact8b50d422-9c5c-4f4b-ab18-25233bafa8e3@gmail.com
2026-07-07 16:56:42 INFO  [main] c.h.m.c.service.impl.MailServiceImpl userId=N/A errorCode=N/A - Simple email sent to=patient1ff8bea5-38f6-4b1f-b51f-63bdb9e45f77@gmail.com subject=CareAssist claim approved replyTo=contactb65d7e07-dd88-43f9-b19c-7f939143ba81@gmail.com
2026-07-07 16:56:42 INFO  [main] c.h.m.c.s.impl.ClaimServiceImpl userId=N/A errorCode=N/A - Claim status email sent claimId=21 status=approved patientEmail=patient1ff8bea5-38f6-4b1f-b51f-63bdb9e45f77@gmail.com replyTo=contactb65d7e07-dd88-43f9-b19c-7f939143ba81@gmail.com
2026-07-07 16:56:48 INFO  [main] c.h.m.c.service.impl.MailServiceImpl userId=N/A errorCode=N/A - Simple email sent to=patient1ff8bea5-38f6-4b1f-b51f-63bdb9e45f77@gmail.com subject=CareAssist claim payment processed replyTo=contactb65d7e07-dd88-43f9-b19c-7f939143ba81@gmail.com
2026-07-07 16:56:48 INFO  [main] c.h.m.c.s.i.ClaimPaymentServiceImpl userId=N/A errorCode=N/A - Claim payment email sent paymentId=12 claimId=21 patientEmail=patient1ff8bea5-38f6-4b1f-b51f-63bdb9e45f77@gmail.com replyTo=contactb65d7e07-dd88-43f9-b19c-7f939143ba81@gmail.com
2026-07-07 16:56:54 INFO  [main] c.h.m.c.service.impl.MailServiceImpl userId=N/A errorCode=N/A - Simple email sent to=patient7afd684d-e60e-49f2-9468-bfe617c497f1@gmail.com subject=CareAssist claim approved replyTo=contact60055611-964b-4a0c-9e98-de921b136132@gmail.com
2026-07-07 16:56:54 INFO  [main] c.h.m.c.s.impl.ClaimServiceImpl userId=N/A errorCode=N/A - Claim status email sent claimId=22 status=approved patientEmail=patient7afd684d-e60e-49f2-9468-bfe617c497f1@gmail.com replyTo=contact60055611-964b-4a0c-9e98-de921b136132@gmail.com
2026-07-07 16:56:59 INFO  [main] c.h.m.c.service.impl.MailServiceImpl userId=N/A errorCode=N/A - Simple email sent to=patient7afd684d-e60e-49f2-9468-bfe617c497f1@gmail.com subject=CareAssist claim payment processed replyTo=contact60055611-964b-4a0c-9e98-de921b136132@gmail.com
2026-07-07 16:56:59 INFO  [main] c.h.m.c.s.i.ClaimPaymentServiceImpl userId=N/A errorCode=N/A - Claim payment email sent paymentId=13 claimId=22 patientEmail=patient7afd684d-e60e-49f2-9468-bfe617c497f1@gmail.com replyTo=contact60055611-964b-4a0c-9e98-de921b136132@gmail.com
2026-07-07 16:56:59 INFO  [main] o.s.t.c.s.AnnotationConfigContextLoaderUtils userId=N/A errorCode=N/A - Could not detect default configuration classes for test class [com.hexaware.main.careassist.service.impl.ClaimServiceImplTest]: ClaimServiceImplTest does not declare any static, non-private, non-final, nested classes annotated with @Configuration.
2026-07-07 16:56:59 INFO  [main] o.s.b.t.c.SpringBootTestContextBootstrapper userId=N/A errorCode=N/A - Found @SpringBootConfiguration com.hexaware.main.careassist.HealthcareApplication for test class com.hexaware.main.careassist.service.impl.ClaimServiceImplTest
2026-07-07 16:57:05 INFO  [main] c.h.m.c.service.impl.MailServiceImpl userId=N/A errorCode=N/A - Simple email sent to=patient0515099f-79df-44bf-8091-f7494b006ebd@gmail.com subject=CareAssist claim approved replyTo=contactc941a694-7a31-40b6-b135-b65d14c60f0e@gmail.com
2026-07-07 16:57:05 INFO  [main] c.h.m.c.s.impl.ClaimServiceImpl userId=N/A errorCode=N/A - Claim status email sent claimId=24 status=approved patientEmail=patient0515099f-79df-44bf-8091-f7494b006ebd@gmail.com replyTo=contactc941a694-7a31-40b6-b135-b65d14c60f0e@gmail.com
2026-07-07 16:57:07 INFO  [main] c.h.m.c.s.i.EmailNotificationServiceImpl userId=N/A errorCode=N/A - Email notification sent notificationId=5 userId=1
2026-07-07 16:57:07 INFO  [main] o.s.t.c.s.AnnotationConfigContextLoaderUtils userId=N/A errorCode=N/A - Could not detect default configuration classes for test class [com.hexaware.main.careassist.service.impl.EmailNotificationServiceImplTest]: EmailNotificationServiceImplTest does not declare any static, non-private, non-final, nested classes annotated with @Configuration.
2026-07-07 16:57:07 INFO  [main] o.s.b.t.c.SpringBootTestContextBootstrapper userId=N/A errorCode=N/A - Found @SpringBootConfiguration com.hexaware.main.careassist.HealthcareApplication for test class com.hexaware.main.careassist.service.impl.EmailNotificationServiceImplTest
2026-07-07 16:57:13 INFO  [main] c.h.m.c.service.impl.MailServiceImpl userId=N/A errorCode=N/A - Simple email sent to=patient3b779388-f1e8-4377-a973-349fed5f8bac@gmail.com subject=Claim Update replyTo=null
2026-07-07 16:57:13 INFO  [main] c.h.m.c.s.i.EmailNotificationServiceImpl userId=N/A errorCode=N/A - Email notification sent notificationId=15 userId=183
2026-07-07 16:57:18 INFO  [main] c.h.m.c.service.impl.MailServiceImpl userId=N/A errorCode=N/A - Simple email sent to=patient8c4128be-6012-40de-94b7-b5419bb7b984@gmail.com subject=Claim Update replyTo=null
2026-07-07 16:57:18 INFO  [main] c.h.m.c.s.i.EmailNotificationServiceImpl userId=N/A errorCode=N/A - Email notification sent notificationId=16 userId=184
2026-07-07 16:57:18 INFO  [main] o.s.t.c.s.AnnotationConfigContextLoaderUtils userId=N/A errorCode=N/A - Could not detect default configuration classes for test class [com.hexaware.main.careassist.service.impl.HealthcareProviderServiceImplTest]: HealthcareProviderServiceImplTest does not declare any static, non-private, non-final, nested classes annotated with @Configuration.
2026-07-07 16:57:18 INFO  [main] o.s.b.t.c.SpringBootTestContextBootstrapper userId=N/A errorCode=N/A - Found @SpringBootConfiguration com.hexaware.main.careassist.HealthcareApplication for test class com.hexaware.main.careassist.service.impl.HealthcareProviderServiceImplTest
2026-07-07 16:57:18 INFO  [main] o.s.t.c.s.AnnotationConfigContextLoaderUtils userId=N/A errorCode=N/A - Could not detect default configuration classes for test class [com.hexaware.main.careassist.service.impl.InsuranceCompanyServiceImplTest]: InsuranceCompanyServiceImplTest does not declare any static, non-private, non-final, nested classes annotated with @Configuration.
2026-07-07 16:57:18 INFO  [main] o.s.b.t.c.SpringBootTestContextBootstrapper userId=N/A errorCode=N/A - Found @SpringBootConfiguration com.hexaware.main.careassist.HealthcareApplication for test class com.hexaware.main.careassist.service.impl.InsuranceCompanyServiceImplTest
2026-07-07 16:57:19 INFO  [main] o.s.t.c.s.AnnotationConfigContextLoaderUtils userId=N/A errorCode=N/A - Could not detect default configuration classes for test class [com.hexaware.main.careassist.service.impl.InsurancePlanServiceImplTest]: InsurancePlanServiceImplTest does not declare any static, non-private, non-final, nested classes annotated with @Configuration.
2026-07-07 16:57:19 INFO  [main] o.s.b.t.c.SpringBootTestContextBootstrapper userId=N/A errorCode=N/A - Found @SpringBootConfiguration com.hexaware.main.careassist.HealthcareApplication for test class com.hexaware.main.careassist.service.impl.InsurancePlanServiceImplTest
2026-07-07 16:57:19 INFO  [main] o.s.t.c.s.AnnotationConfigContextLoaderUtils userId=N/A errorCode=N/A - Could not detect default configuration classes for test class [com.hexaware.main.careassist.service.impl.InvoiceServiceImplTest]: InvoiceServiceImplTest does not declare any static, non-private, non-final, nested classes annotated with @Configuration.
2026-07-07 16:57:19 INFO  [main] o.s.b.t.c.SpringBootTestContextBootstrapper userId=N/A errorCode=N/A - Found @SpringBootConfiguration com.hexaware.main.careassist.HealthcareApplication for test class com.hexaware.main.careassist.service.impl.InvoiceServiceImplTest
2026-07-07 16:57:20 INFO  [main] o.s.t.c.s.AnnotationConfigContextLoaderUtils userId=N/A errorCode=N/A - Could not detect default configuration classes for test class [com.hexaware.main.careassist.service.impl.PatientInsuranceServiceImplTest]: PatientInsuranceServiceImplTest does not declare any static, non-private, non-final, nested classes annotated with @Configuration.
2026-07-07 16:57:20 INFO  [main] o.s.b.t.c.SpringBootTestContextBootstrapper userId=N/A errorCode=N/A - Found @SpringBootConfiguration com.hexaware.main.careassist.HealthcareApplication for test class com.hexaware.main.careassist.service.impl.PatientInsuranceServiceImplTest
2026-07-07 16:57:21 INFO  [main] o.s.t.c.s.AnnotationConfigContextLoaderUtils userId=N/A errorCode=N/A - Could not detect default configuration classes for test class [com.hexaware.main.careassist.service.impl.PatientServiceImplTest]: PatientServiceImplTest does not declare any static, non-private, non-final, nested classes annotated with @Configuration.
2026-07-07 16:57:21 INFO  [main] o.s.b.t.c.SpringBootTestContextBootstrapper userId=N/A errorCode=N/A - Found @SpringBootConfiguration com.hexaware.main.careassist.HealthcareApplication for test class com.hexaware.main.careassist.service.impl.PatientServiceImplTest
2026-07-07 16:57:21 INFO  [main] o.s.t.c.s.AnnotationConfigContextLoaderUtils userId=N/A errorCode=N/A - Could not detect default configuration classes for test class [com.hexaware.main.careassist.service.impl.TokenBlacklistServiceImplTest]: TokenBlacklistServiceImplTest does not declare any static, non-private, non-final, nested classes annotated with @Configuration.
2026-07-07 16:57:21 INFO  [main] o.s.b.t.c.SpringBootTestContextBootstrapper userId=N/A errorCode=N/A - Found @SpringBootConfiguration com.hexaware.main.careassist.HealthcareApplication for test class com.hexaware.main.careassist.service.impl.TokenBlacklistServiceImplTest
2026-07-07 16:57:22 INFO  [main] o.s.t.c.s.AnnotationConfigContextLoaderUtils userId=N/A errorCode=N/A - Could not detect default configuration classes for test class [com.hexaware.main.careassist.service.impl.UserServiceImplTest]: UserServiceImplTest does not declare any static, non-private, non-final, nested classes annotated with @Configuration.
2026-07-07 16:57:22 INFO  [main] o.s.b.t.c.SpringBootTestContextBootstrapper userId=N/A errorCode=N/A - Found @SpringBootConfiguration com.hexaware.main.careassist.HealthcareApplication for test class com.hexaware.main.careassist.service.impl.UserServiceImplTest
2026-07-07 16:57:22 INFO  [SpringApplicationShutdownHook] o.s.o.j.LocalContainerEntityManagerFactoryBean userId=N/A errorCode=N/A - Closing JPA EntityManagerFactory for persistence unit 'default'
2026-07-07 16:57:22 INFO  [SpringApplicationShutdownHook] com.zaxxer.hikari.HikariDataSource userId=N/A errorCode=N/A - HikariPool-1 - Shutdown initiated...
2026-07-07 16:57:22 INFO  [SpringApplicationShutdownHook] com.zaxxer.hikari.HikariDataSource userId=N/A errorCode=N/A - HikariPool-1 - Shutdown completed.
2026-07-07 17:29:36 INFO  [background-preinit] o.h.validator.internal.util.Version userId=N/A errorCode=N/A - HV000001: Hibernate Validator 8.0.3.Final
2026-07-07 17:29:36 INFO  [main] c.h.m.c.HealthcareApplication userId=N/A errorCode=N/A - Starting HealthcareApplication using Java 21.0.5 with PID 20220 (D:\FINAL CAPSTONE PROJECT\Healthcare\target\classes started by Manoj in D:\FINAL CAPSTONE PROJECT\Healthcare)
2026-07-07 17:29:36 DEBUG [main] c.h.m.c.HealthcareApplication userId=N/A errorCode=N/A - Running with Spring Boot v3.5.15, Spring v6.2.19
2026-07-07 17:29:36 INFO  [main] c.h.m.c.HealthcareApplication userId=N/A errorCode=N/A - No active profile set, falling back to 1 default profile: "default"
2026-07-07 17:29:37 INFO  [main] o.s.d.r.c.RepositoryConfigurationDelegate userId=N/A errorCode=N/A - Bootstrapping Spring Data JPA repositories in DEFAULT mode.
2026-07-07 17:29:37 INFO  [main] o.s.d.r.c.RepositoryConfigurationDelegate userId=N/A errorCode=N/A - Finished Spring Data repository scanning in 163 ms. Found 12 JPA repository interfaces.
2026-07-07 17:29:38 INFO  [main] o.s.b.w.e.tomcat.TomcatWebServer userId=N/A errorCode=N/A - Tomcat initialized with port 8080 (http)
2026-07-07 17:29:38 INFO  [main] o.a.coyote.http11.Http11NioProtocol userId=N/A errorCode=N/A - Initializing ProtocolHandler ["http-nio-0.0.0.0-8080"]
2026-07-07 17:29:38 INFO  [main] o.a.catalina.core.StandardService userId=N/A errorCode=N/A - Starting service [Tomcat]
2026-07-07 17:29:38 INFO  [main] o.a.catalina.core.StandardEngine userId=N/A errorCode=N/A - Starting Servlet engine: [Apache Tomcat/10.1.55]
2026-07-07 17:29:38 INFO  [main] o.a.c.c.C.[Tomcat].[localhost].[/] userId=N/A errorCode=N/A - Initializing Spring embedded WebApplicationContext
2026-07-07 17:29:38 INFO  [main] o.s.b.w.s.c.ServletWebServerApplicationContext userId=N/A errorCode=N/A - Root WebApplicationContext: initialization completed in 2141 ms
2026-07-07 17:29:38 INFO  [main] o.h.jpa.internal.util.LogHelper userId=N/A errorCode=N/A - HHH000204: Processing PersistenceUnitInfo [name: default]
2026-07-07 17:29:38 INFO  [main] org.hibernate.Version userId=N/A errorCode=N/A - HHH000412: Hibernate ORM core version 6.6.53.Final
2026-07-07 17:29:38 INFO  [main] o.h.c.i.RegionFactoryInitiator userId=N/A errorCode=N/A - HHH000026: Second-level cache disabled
2026-07-07 17:29:38 INFO  [main] o.s.o.j.p.SpringPersistenceUnitInfo userId=N/A errorCode=N/A - No LoadTimeWeaver setup: ignoring JPA class transformer
2026-07-07 17:29:38 INFO  [main] com.zaxxer.hikari.HikariDataSource userId=N/A errorCode=N/A - HikariPool-1 - Starting...
2026-07-07 17:29:39 INFO  [main] com.zaxxer.hikari.pool.HikariPool userId=N/A errorCode=N/A - HikariPool-1 - Added connection com.mysql.cj.jdbc.ConnectionImpl@2b1d1a5
2026-07-07 17:29:39 INFO  [main] com.zaxxer.hikari.HikariDataSource userId=N/A errorCode=N/A - HikariPool-1 - Start completed.
2026-07-07 17:29:39 INFO  [main] o.hibernate.orm.connections.pooling userId=N/A errorCode=N/A - HHH10001005: Database info:
	Database JDBC URL [Connecting through datasource 'HikariDataSource (HikariPool-1)']
	Database driver: undefined/unknown
	Database version: 8.0.44
	Autocommit mode: undefined/unknown
	Isolation level: undefined/unknown
	Minimum pool size: undefined/unknown
	Maximum pool size: undefined/unknown
2026-07-07 17:29:40 INFO  [main] o.h.e.t.j.p.i.JtaPlatformInitiator userId=N/A errorCode=N/A - HHH000489: No JTA platform available (set 'hibernate.transaction.jta.platform' to enable JTA platform integration)
2026-07-07 17:29:40 INFO  [main] o.s.o.j.LocalContainerEntityManagerFactoryBean userId=N/A errorCode=N/A - Initialized JPA EntityManagerFactory for persistence unit 'default'
2026-07-07 17:29:40 DEBUG [main] c.h.m.careassist.security.JwtFilter userId=N/A errorCode=N/A - Filter 'jwtFilter' configured for use
2026-07-07 17:29:41 INFO  [main] o.s.s.c.a.a.c.InitializeUserDetailsBeanManagerConfigurer$InitializeUserDetailsManagerConfigurer userId=N/A errorCode=N/A - Global AuthenticationManager configured with UserDetailsService bean with name customUserDetailsService
2026-07-07 17:29:41 WARN  [main] o.s.b.a.o.j.JpaBaseConfiguration$JpaWebConfiguration userId=N/A errorCode=N/A - spring.jpa.open-in-view is enabled by default. Therefore, database queries may be performed during view rendering. Explicitly configure spring.jpa.open-in-view to disable this warning
2026-07-07 17:29:42 INFO  [main] o.a.coyote.http11.Http11NioProtocol userId=N/A errorCode=N/A - Starting ProtocolHandler ["http-nio-0.0.0.0-8080"]
2026-07-07 17:29:42 INFO  [main] o.s.b.w.e.tomcat.TomcatWebServer userId=N/A errorCode=N/A - Tomcat started on port 8080 (http) with context path '/'
2026-07-07 17:29:42 INFO  [main] c.h.m.c.HealthcareApplication userId=N/A errorCode=N/A - Started HealthcareApplication in 7.032 seconds (process running for 7.475)
2026-07-07 17:29:42 WARN  [main] o.s.c.events.SpringDocAppInitializer userId=N/A errorCode=N/A - SpringDoc /v3/api-docs endpoint is enabled by default. To disable it in production, set the property 'springdoc.api-docs.enabled=false'
2026-07-07 17:29:42 WARN  [main] o.s.c.events.SpringDocAppInitializer userId=N/A errorCode=N/A - SpringDoc /swagger-ui.html endpoint is enabled by default. To disable it in production, set the property 'springdoc.swagger-ui.enabled=false'
2026-07-07 17:29:56 INFO  [http-nio-0.0.0.0-8080-exec-2] o.a.c.c.C.[Tomcat].[localhost].[/] userId=N/A errorCode=N/A - Initializing Spring DispatcherServlet 'dispatcherServlet'
2026-07-07 17:29:56 INFO  [http-nio-0.0.0.0-8080-exec-2] o.s.web.servlet.DispatcherServlet userId=N/A errorCode=N/A - Initializing Servlet 'dispatcherServlet'
2026-07-07 17:29:56 INFO  [http-nio-0.0.0.0-8080-exec-2] o.s.web.servlet.DispatcherServlet userId=N/A errorCode=N/A - Completed initialization in 1 ms
2026-07-07 17:30:03 INFO  [http-nio-0.0.0.0-8080-exec-1] c.h.m.c.service.impl.MailServiceImpl userId=N/A errorCode=N/A - Simple email sent to=manojkannapec@gmail.com subject=CareAssist login alert replyTo=null
2026-07-07 17:30:03 INFO  [http-nio-0.0.0.0-8080-exec-1] c.h.m.c.s.i.EmailNotificationServiceImpl userId=N/A errorCode=N/A - Email notification sent notificationId=17 userId=58
